Logfile initialized
[INFO] logfile = C:\Users\bjanaszek\My Documents\Titanium_Studio_Workspace\DB-Test\build.log
[DEBUG] C:\Users\bjanaszek\AppData\Roaming\Titanium\mobilesdk\win32\3.0.0.GA\android\builder.py simulator DB-Test C:\Users\bjanaszek\Desktop\install C:\Users\bjanaszek\My Documents\Titanium_Studio_Workspace\DB-Test com.ert.dbtest 3 WQVGA400
[INFO] Building DB-Test for Android ... one moment
[INFO] plugin=C:\Users\bjanaszek\AppData\Roaming\Titanium\plugins\ti.alloy\1.0\plugin.py
[INFO] Detected compiler plugin: ti.alloy/1.0
[INFO] Titanium SDK version: 3.0.0 (12/12/12 18:49 a5894b3)
[DEBUG] Waiting for device to be ready ...
[TRACE] adb devices returned 1 devices/emulators
[DEBUG] Device connected... (waited 0 seconds)
[DEBUG] waited 0.013000 seconds on emulator to get ready
[DEBUG] com.ert.dbtest installed? True
[INFO] Fastdev server running, deploying in Fastdev mode
[INFO] Copying CommonJS modules...
[INFO] Copying project resources..
[TRACE] COPYING MODIFIED FILE: C:\Users\bjanaszek\My Documents\Titanium_Studio_Workspace\DB-Test\Resources\alloy\backbone.js => C:\Users\bjanaszek\My Documents\Titanium_Studio_Workspace\DB-Test\build\android\bin\assets\Resources\alloy\backbone.js
[TRACE] COPYING MODIFIED FILE: C:\Users\bjanaszek\My Documents\Titanium_Studio_Workspace\DB-Test\Resources\alloy\CFG.js => C:\Users\bjanaszek\My Documents\Titanium_Studio_Workspace\DB-Test\build\android\bin\assets\Resources\alloy\CFG.js
[TRACE] COPYING MODIFIED FILE: C:\Users\bjanaszek\My Documents\Titanium_Studio_Workspace\DB-Test\Resources\alloy\controllers\BaseController.js => C:\Users\bjanaszek\My Documents\Titanium_Studio_Workspace\DB-Test\build\android\bin\assets\Resources\alloy\controllers\BaseController.js
[TRACE] COPYING MODIFIED FILE: C:\Users\bjanaszek\My Documents\Titanium_Studio_Workspace\DB-Test\Resources\alloy\controllers\form.js => C:\Users\bjanaszek\My Documents\Titanium_Studio_Workspace\DB-Test\build\android\bin\assets\Resources\alloy\controllers\form.js
[TRACE] COPYING MODIFIED FILE: C:\Users\bjanaszek\My Documents\Titanium_Studio_Workspace\DB-Test\Resources\alloy\controllers\index.js => C:\Users\bjanaszek\My Documents\Titanium_Studio_Workspace\DB-Test\build\android\bin\assets\Resources\alloy\controllers\index.js
[TRACE] COPYING MODIFIED FILE: C:\Users\bjanaszek\My Documents\Titanium_Studio_Workspace\DB-Test\Resources\alloy\controllers\list.js => C:\Users\bjanaszek\My Documents\Titanium_Studio_Workspace\DB-Test\build\android\bin\assets\Resources\alloy\controllers\list.js
[TRACE] COPYING MODIFIED FILE: C:\Users\bjanaszek\My Documents\Titanium_Studio_Workspace\DB-Test\Resources\alloy\controllers\listitem.js => C:\Users\bjanaszek\My Documents\Titanium_Studio_Workspace\DB-Test\build\android\bin\assets\Resources\alloy\controllers\listitem.js
[TRACE] COPYING MODIFIED FILE: C:\Users\bjanaszek\My Documents\Titanium_Studio_Workspace\DB-Test\Resources\alloy\models\Todo.js => C:\Users\bjanaszek\My Documents\Titanium_Studio_Workspace\DB-Test\build\android\bin\assets\Resources\alloy\models\Todo.js
[TRACE] COPYING MODIFIED FILE: C:\Users\bjanaszek\My Documents\Titanium_Studio_Workspace\DB-Test\Resources\alloy\sync\localStorage.js => C:\Users\bjanaszek\My Documents\Titanium_Studio_Workspace\DB-Test\build\android\bin\assets\Resources\alloy\sync\localStorage.js
[TRACE] COPYING MODIFIED FILE: C:\Users\bjanaszek\My Documents\Titanium_Studio_Workspace\DB-Test\Resources\alloy\sync\properties.js => C:\Users\bjanaszek\My Documents\Titanium_Studio_Workspace\DB-Test\build\android\bin\assets\Resources\alloy\sync\properties.js
[TRACE] COPYING MODIFIED FILE: C:\Users\bjanaszek\My Documents\Titanium_Studio_Workspace\DB-Test\Resources\alloy\sync\sql.js => C:\Users\bjanaszek\My Documents\Titanium_Studio_Workspace\DB-Test\build\android\bin\assets\Resources\alloy\sync\sql.js
[TRACE] COPYING MODIFIED FILE: C:\Users\bjanaszek\My Documents\Titanium_Studio_Workspace\DB-Test\Resources\alloy\underscore.js => C:\Users\bjanaszek\My Documents\Titanium_Studio_Workspace\DB-Test\build\android\bin\assets\Resources\alloy\underscore.js
[TRACE] COPYING MODIFIED FILE: C:\Users\bjanaszek\My Documents\Titanium_Studio_Workspace\DB-Test\Resources\alloy.js => C:\Users\bjanaszek\My Documents\Titanium_Studio_Workspace\DB-Test\build\android\bin\assets\Resources\alloy.js
[TRACE] COPYING MODIFIED FILE: C:\Users\bjanaszek\My Documents\Titanium_Studio_Workspace\DB-Test\Resources\android\appicon.png => C:\Users\bjanaszek\My Documents\Titanium_Studio_Workspace\DB-Test\build\android\bin\assets\Resources\appicon.png
[TRACE] COPYING MODIFIED FILE: C:\Users\bjanaszek\My Documents\Titanium_Studio_Workspace\DB-Test\Resources\android\default.png => C:\Users\bjanaszek\My Documents\Titanium_Studio_Workspace\DB-Test\build\android\bin\assets\Resources\default.png
[TRACE] COPYING MODIFIED FILE: C:\Users\bjanaszek\My Documents\Titanium_Studio_Workspace\DB-Test\Resources\android\MarketplaceArtwork.png => C:\Users\bjanaszek\My Documents\Titanium_Studio_Workspace\DB-Test\build\android\bin\assets\Resources\MarketplaceArtwork.png
[TRACE] COPYING MODIFIED FILE: C:\Users\bjanaszek\My Documents\Titanium_Studio_Workspace\DB-Test\Resources\app.js => C:\Users\bjanaszek\My Documents\Titanium_Studio_Workspace\DB-Test\build\android\bin\assets\Resources\app.js
[TRACE] COPYING MODIFIED FILE: C:\Users\bjanaszek\My Documents\Titanium_Studio_Workspace\DB-Test\Resources\bar.png => C:\Users\bjanaszek\My Documents\Titanium_Studio_Workspace\DB-Test\build\android\bin\assets\Resources\bar.png
[TRACE] COPYING MODIFIED FILE: C:\Users\bjanaszek\My Documents\Titanium_Studio_Workspace\DB-Test\Resources\dots.png => C:\Users\bjanaszek\My Documents\Titanium_Studio_Workspace\DB-Test\build\android\bin\assets\Resources\dots.png
[TRACE] COPYING MODIFIED FILE: C:\Users\bjanaszek\My Documents\Titanium_Studio_Workspace\DB-Test\Resources\toolbar.png => C:\Users\bjanaszek\My Documents\Titanium_Studio_Workspace\DB-Test\build\android\bin\assets\Resources\toolbar.png
[INFO] Tiapp.xml unchanged, skipping class generation
[DEBUG] Processing Android resource drawables
[TRACE] COPYING FILE: C:\Users\bjanaszek\My Documents\Titanium_Studio_Workspace\DB-Test\Resources\android\images\res-long-land-hdpi\default.png => C:\Users\bjanaszek\My Documents\Titanium_Studio_Workspace\DB-Test\build\android\res\drawable-long-land-hdpi\default_d44e27d97b.png
[TRACE] COPYING FILE: C:\Users\bjanaszek\My Documents\Titanium_Studio_Workspace\DB-Test\Resources\android\images\res-long-land-ldpi\default.png => C:\Users\bjanaszek\My Documents\Titanium_Studio_Workspace\DB-Test\build\android\res\drawable-long-land-ldpi\default_d44e27d97b.png
[TRACE] COPYING FILE: C:\Users\bjanaszek\My Documents\Titanium_Studio_Workspace\DB-Test\Resources\android\images\res-long-port-hdpi\default.png => C:\Users\bjanaszek\My Documents\Titanium_Studio_Workspace\DB-Test\build\android\res\drawable-long-port-hdpi\default_d44e27d97b.png
[TRACE] COPYING FILE: C:\Users\bjanaszek\My Documents\Titanium_Studio_Workspace\DB-Test\Resources\android\images\res-long-port-ldpi\default.png => C:\Users\bjanaszek\My Documents\Titanium_Studio_Workspace\DB-Test\build\android\res\drawable-long-port-ldpi\default_d44e27d97b.png
[TRACE] COPYING FILE: C:\Users\bjanaszek\My Documents\Titanium_Studio_Workspace\DB-Test\Resources\android\images\res-notlong-land-hdpi\default.png => C:\Users\bjanaszek\My Documents\Titanium_Studio_Workspace\DB-Test\build\android\res\drawable-notlong-land-hdpi\default_d44e27d97b.png
[TRACE] COPYING FILE: C:\Users\bjanaszek\My Documents\Titanium_Studio_Workspace\DB-Test\Resources\android\images\res-notlong-land-ldpi\default.png => C:\Users\bjanaszek\My Documents\Titanium_Studio_Workspace\DB-Test\build\android\res\drawable-notlong-land-ldpi\default_d44e27d97b.png
[TRACE] COPYING FILE: C:\Users\bjanaszek\My Documents\Titanium_Studio_Workspace\DB-Test\Resources\android\images\res-notlong-land-mdpi\default.png => C:\Users\bjanaszek\My Documents\Titanium_Studio_Workspace\DB-Test\build\android\res\drawable-notlong-land-mdpi\default_d44e27d97b.png
[TRACE] COPYING FILE: C:\Users\bjanaszek\My Documents\Titanium_Studio_Workspace\DB-Test\Resources\android\images\res-notlong-port-hdpi\default.png => C:\Users\bjanaszek\My Documents\Titanium_Studio_Workspace\DB-Test\build\android\res\drawable-notlong-port-hdpi\default_d44e27d97b.png
[TRACE] COPYING FILE: C:\Users\bjanaszek\My Documents\Titanium_Studio_Workspace\DB-Test\Resources\android\images\res-notlong-port-ldpi\default.png => C:\Users\bjanaszek\My Documents\Titanium_Studio_Workspace\DB-Test\build\android\res\drawable-notlong-port-ldpi\default_d44e27d97b.png
[TRACE] COPYING FILE: C:\Users\bjanaszek\My Documents\Titanium_Studio_Workspace\DB-Test\Resources\android\images\res-notlong-port-mdpi\default.png => C:\Users\bjanaszek\My Documents\Titanium_Studio_Workspace\DB-Test\build\android\res\drawable-notlong-port-mdpi\default_d44e27d97b.png
[DEBUG] copying app icon: C:\Users\bjanaszek\My Documents\Titanium_Studio_Workspace\DB-Test\build\android\bin\assets\Resources\appicon.png
[DEBUG] found drawable-long-land-hdpi splash screen at C:\Users\bjanaszek\My Documents\Titanium_Studio_Workspace\DB-Test\Resources\android\images\res-long-land-hdpi\default.png
[DEBUG] copying C:\Users\bjanaszek\My Documents\Titanium_Studio_Workspace\DB-Test\Resources\android\images\res-long-land-hdpi\default.png splash screen to C:\Users\bjanaszek\My Documents\Titanium_Studio_Workspace\DB-Test\build\android\res\drawable-long-land-hdpi\background.png
[DEBUG] found drawable-long-land-ldpi splash screen at C:\Users\bjanaszek\My Documents\Titanium_Studio_Workspace\DB-Test\Resources\android\images\res-long-land-ldpi\default.png
[DEBUG] copying C:\Users\bjanaszek\My Documents\Titanium_Studio_Workspace\DB-Test\Resources\android\images\res-long-land-ldpi\default.png splash screen to C:\Users\bjanaszek\My Documents\Titanium_Studio_Workspace\DB-Test\build\android\res\drawable-long-land-ldpi\background.png
[DEBUG] found drawable-long-port-hdpi splash screen at C:\Users\bjanaszek\My Documents\Titanium_Studio_Workspace\DB-Test\Resources\android\images\res-long-port-hdpi\default.png
[DEBUG] copying C:\Users\bjanaszek\My Documents\Titanium_Studio_Workspace\DB-Test\Resources\android\images\res-long-port-hdpi\default.png splash screen to C:\Users\bjanaszek\My Documents\Titanium_Studio_Workspace\DB-Test\build\android\res\drawable-long-port-hdpi\background.png
[DEBUG] found drawable-long-port-ldpi splash screen at C:\Users\bjanaszek\My Documents\Titanium_Studio_Workspace\DB-Test\Resources\android\images\res-long-port-ldpi\default.png
[DEBUG] copying C:\Users\bjanaszek\My Documents\Titanium_Studio_Workspace\DB-Test\Resources\android\images\res-long-port-ldpi\default.png splash screen to C:\Users\bjanaszek\My Documents\Titanium_Studio_Workspace\DB-Test\build\android\res\drawable-long-port-ldpi\background.png
[DEBUG] found drawable-notlong-land-hdpi splash screen at C:\Users\bjanaszek\My Documents\Titanium_Studio_Workspace\DB-Test\Resources\android\images\res-notlong-land-hdpi\default.png
[DEBUG] copying C:\Users\bjanaszek\My Documents\Titanium_Studio_Workspace\DB-Test\Resources\android\images\res-notlong-land-hdpi\default.png splash screen to C:\Users\bjanaszek\My Documents\Titanium_Studio_Workspace\DB-Test\build\android\res\drawable-notlong-land-hdpi\background.png
[DEBUG] found drawable-notlong-land-ldpi splash screen at C:\Users\bjanaszek\My Documents\Titanium_Studio_Workspace\DB-Test\Resources\android\images\res-notlong-land-ldpi\default.png
[DEBUG] copying C:\Users\bjanaszek\My Documents\Titanium_Studio_Workspace\DB-Test\Resources\android\images\res-notlong-land-ldpi\default.png splash screen to C:\Users\bjanaszek\My Documents\Titanium_Studio_Workspace\DB-Test\build\android\res\drawable-notlong-land-ldpi\background.png
[DEBUG] found drawable-notlong-land-mdpi splash screen at C:\Users\bjanaszek\My Documents\Titanium_Studio_Workspace\DB-Test\Resources\android\images\res-notlong-land-mdpi\default.png
[DEBUG] copying C:\Users\bjanaszek\My Documents\Titanium_Studio_Workspace\DB-Test\Resources\android\images\res-notlong-land-mdpi\default.png splash screen to C:\Users\bjanaszek\My Documents\Titanium_Studio_Workspace\DB-Test\build\android\res\drawable-notlong-land-mdpi\background.png
[DEBUG] found drawable-notlong-port-hdpi splash screen at C:\Users\bjanaszek\My Documents\Titanium_Studio_Workspace\DB-Test\Resources\android\images\res-notlong-port-hdpi\default.png
[DEBUG] copying C:\Users\bjanaszek\My Documents\Titanium_Studio_Workspace\DB-Test\Resources\android\images\res-notlong-port-hdpi\default.png splash screen to C:\Users\bjanaszek\My Documents\Titanium_Studio_Workspace\DB-Test\build\android\res\drawable-notlong-port-hdpi\background.png
[DEBUG] found drawable-notlong-port-ldpi splash screen at C:\Users\bjanaszek\My Documents\Titanium_Studio_Workspace\DB-Test\Resources\android\images\res-notlong-port-ldpi\default.png
[DEBUG] copying C:\Users\bjanaszek\My Documents\Titanium_Studio_Workspace\DB-Test\Resources\android\images\res-notlong-port-ldpi\default.png splash screen to C:\Users\bjanaszek\My Documents\Titanium_Studio_Workspace\DB-Test\build\android\res\drawable-notlong-port-ldpi\background.png
[DEBUG] found drawable-notlong-port-mdpi splash screen at C:\Users\bjanaszek\My Documents\Titanium_Studio_Workspace\DB-Test\Resources\android\images\res-notlong-port-mdpi\default.png
[DEBUG] copying C:\Users\bjanaszek\My Documents\Titanium_Studio_Workspace\DB-Test\Resources\android\images\res-notlong-port-mdpi\default.png splash screen to C:\Users\bjanaszek\My Documents\Titanium_Studio_Workspace\DB-Test\build\android\res\drawable-notlong-port-mdpi\background.png
[DEBUG] found splash screen at C:\Users\bjanaszek\My Documents\Titanium_Studio_Workspace\DB-Test\build\android\bin\assets\Resources\default.png
[DEBUG] adding C:\Users\bjanaszek\My Documents\Titanium_Studio_Workspace\DB-Test\build\android\gen\com\ert\dbtest\R.java to javac build list
[DEBUG] Building Java Sources: "C:\\Users\\bjanaszek\\My Documents\\Titanium_Studio_Workspace\\DB-Test\\build\\android\\gen\\com\\ert\\dbtest\\R.java"
[INFO] Compiling Android Resources... This could take some time
[DEBUG] Android classes.dex built
[DEBUG] creating unsigned apk: C:\Users\bjanaszek\My Documents\Titanium_Studio_Workspace\DB-Test\build\android\bin\app-unsigned.apk
[DEBUG] from resource zip => assets/Resources/alloy/controllers/BaseController.js
[DEBUG] from resource zip => assets/Resources/alloy/controllers/form.js
[DEBUG] from resource zip => assets/Resources/alloy/controllers/index.js
[DEBUG] from resource zip => assets/Resources/alloy/controllers/list.js
[DEBUG] from resource zip => assets/Resources/alloy/controllers/listitem.js
[DEBUG] from resource zip => assets/Resources/alloy/models/Todo.js
[DEBUG] from resource zip => assets/Resources/alloy/sync/localStorage.js
[DEBUG] from resource zip => assets/Resources/alloy/sync/properties.js
[DEBUG] from resource zip => assets/Resources/alloy/sync/sql.js
[DEBUG] from resource zip => assets/Resources/alloy/CFG.js
[DEBUG] from resource zip => assets/Resources/alloy/backbone.js
[DEBUG] from resource zip => assets/Resources/alloy/underscore.js
[DEBUG] from resource zip => assets/Resources/MarketplaceArtwork.png
[DEBUG] from resource zip => assets/Resources/alloy.js
[DEBUG] from resource zip => assets/Resources/app.js
[DEBUG] from resource zip => assets/Resources/appicon.png
[DEBUG] from resource zip => assets/Resources/bar.png
[DEBUG] from resource zip => assets/Resources/default.png
[DEBUG] from resource zip => assets/Resources/dots.png
[DEBUG] from resource zip => assets/Resources/toolbar.png
[DEBUG] from resource zip => assets/app.json
[DEBUG] from resource zip => assets/index.json
[DEBUG] from resource zip => assets/tiapp.xml
[DEBUG] from resource zip => res/drawable/appicon.png
[DEBUG] from resource zip => res/drawable/background.png
[DEBUG] from resource zip => res/drawable/close.png
[DEBUG] from resource zip => res/drawable/facebook_login.png
[DEBUG] from resource zip => res/drawable/facebook_login_down.png
[DEBUG] from resource zip => res/drawable/facebook_login_wide.png
[DEBUG] from resource zip => res/drawable/facebook_login_wide_down.png
[DEBUG] from resource zip => res/drawable/facebook_logout.png
[DEBUG] from resource zip => res/drawable/facebook_logout_down.png
[DEBUG] from resource zip => res/layout/titanium_tabgroup.xml
[DEBUG] from resource zip => AndroidManifest.xml
[DEBUG] from resource zip => resources.arsc
[DEBUG] from resource zip => res/drawable-hdpi/close.png
[DEBUG] from resource zip => res/drawable-ldpi/close.png
[DEBUG] from resource zip => res/drawable-long-land-hdpi/background.png
[DEBUG] from resource zip => res/drawable-long-land-hdpi/default_d44e27d97b.png
[DEBUG] from resource zip => res/drawable-long-land-ldpi/background.png
[DEBUG] from resource zip => res/drawable-long-land-ldpi/default_d44e27d97b.png
[DEBUG] from resource zip => res/drawable-long-port-hdpi/background.png
[DEBUG] from resource zip => res/drawable-long-port-hdpi/default_d44e27d97b.png
[DEBUG] from resource zip => res/drawable-long-port-ldpi/background.png
[DEBUG] from resource zip => res/drawable-long-port-ldpi/default_d44e27d97b.png
[DEBUG] from resource zip => res/drawable-notlong-land-hdpi/background.png
[DEBUG] from resource zip => res/drawable-notlong-land-hdpi/default_d44e27d97b.png
[DEBUG] from resource zip => res/drawable-notlong-land-ldpi/background.png
[DEBUG] from resource zip => res/drawable-notlong-land-ldpi/default_d44e27d97b.png
[DEBUG] from resource zip => res/drawable-notlong-land-mdpi/background.png
[DEBUG] from resource zip => res/drawable-notlong-land-mdpi/default_d44e27d97b.png
[DEBUG] from resource zip => res/drawable-notlong-port-hdpi/background.png
[DEBUG] from resource zip => res/drawable-notlong-port-hdpi/default_d44e27d97b.png
[DEBUG] from resource zip => res/drawable-notlong-port-ldpi/background.png
[DEBUG] from resource zip => res/drawable-notlong-port-ldpi/default_d44e27d97b.png
[DEBUG] from resource zip => res/drawable-notlong-port-mdpi/background.png
[DEBUG] from resource zip => res/drawable-notlong-port-mdpi/default_d44e27d97b.png
[DEBUG] from JAR C:\Users\bjanaszek\AppData\Roaming\Titanium\mobilesdk\win32\3.0.0.GA\android\modules\titanium-facebook.jar => ti/modules/titanium/facebook/LICENSE
[DEBUG] from JAR C:\Users\bjanaszek\AppData\Roaming\Titanium\mobilesdk\win32\3.0.0.GA\android\thirdparty.jar => org/apache/Commons-NOTICE.txt
[DEBUG] from JAR C:\Users\bjanaszek\AppData\Roaming\Titanium\mobilesdk\win32\3.0.0.GA\android\thirdparty.jar => org/apache/HttpComponents-NOTICE.txt
[DEBUG] from JAR C:\Users\bjanaszek\AppData\Roaming\Titanium\mobilesdk\win32\3.0.0.GA\android\thirdparty.jar => org/apache/mime4j-NOTICE.txt
[DEBUG] from JAR C:\Users\bjanaszek\AppData\Roaming\Titanium\mobilesdk\win32\3.0.0.GA\android\titanium.jar => org/appcelerator/titanium/build.properties
[DEBUG] from JAR C:\Users\bjanaszek\AppData\Roaming\Titanium\mobilesdk\win32\3.0.0.GA\android\titanium.jar => org/appcelerator/titanium/res/drawable/background.png
[DEBUG] from JAR C:\Users\bjanaszek\AppData\Roaming\Titanium\mobilesdk\win32\3.0.0.GA\android\titanium.jar => org/appcelerator/titanium/res/drawable/btn_check_buttonless_on.png
[DEBUG] from JAR C:\Users\bjanaszek\AppData\Roaming\Titanium\mobilesdk\win32\3.0.0.GA\android\titanium.jar => org/appcelerator/titanium/res/drawable/btn_check_buttonless_on_18.png
[DEBUG] from JAR C:\Users\bjanaszek\AppData\Roaming\Titanium\mobilesdk\win32\3.0.0.GA\android\titanium.jar => org/appcelerator/titanium/res/drawable/btn_check_buttonless_on_48.png
[DEBUG] from JAR C:\Users\bjanaszek\AppData\Roaming\Titanium\mobilesdk\win32\3.0.0.GA\android\titanium.jar => org/appcelerator/titanium/res/drawable/btn_check_buttonless_on_64.png
[DEBUG] from JAR C:\Users\bjanaszek\AppData\Roaming\Titanium\mobilesdk\win32\3.0.0.GA\android\titanium.jar => org/appcelerator/titanium/res/drawable/btn_more.png
[DEBUG] from JAR C:\Users\bjanaszek\AppData\Roaming\Titanium\mobilesdk\win32\3.0.0.GA\android\titanium.jar => org/appcelerator/titanium/res/drawable/btn_more_18.png
[DEBUG] from JAR C:\Users\bjanaszek\AppData\Roaming\Titanium\mobilesdk\win32\3.0.0.GA\android\titanium.jar => org/appcelerator/titanium/res/drawable/btn_more_48.png
[DEBUG] from JAR C:\Users\bjanaszek\AppData\Roaming\Titanium\mobilesdk\win32\3.0.0.GA\android\titanium.jar => org/appcelerator/titanium/res/drawable/btn_more_64.png
[DEBUG] from JAR C:\Users\bjanaszek\AppData\Roaming\Titanium\mobilesdk\win32\3.0.0.GA\android\titanium.jar => org/appcelerator/titanium/res/drawable/btn_picker_normal.9.png
[DEBUG] from JAR C:\Users\bjanaszek\AppData\Roaming\Titanium\mobilesdk\win32\3.0.0.GA\android\titanium.jar => org/appcelerator/titanium/res/drawable/btn_picker_pressed.9.png
[DEBUG] from JAR C:\Users\bjanaszek\AppData\Roaming\Titanium\mobilesdk\win32\3.0.0.GA\android\titanium.jar => org/appcelerator/titanium/res/drawable/btn_picker_selected.9.png
[DEBUG] from JAR C:\Users\bjanaszek\AppData\Roaming\Titanium\mobilesdk\win32\3.0.0.GA\android\titanium.jar => org/appcelerator/titanium/res/drawable/default_icon.png
[DEBUG] from JAR C:\Users\bjanaszek\AppData\Roaming\Titanium\mobilesdk\win32\3.0.0.GA\android\titanium.jar => org/appcelerator/titanium/res/drawable/photoDefault.png
[DEBUG] from JAR C:\Users\bjanaszek\AppData\Roaming\Titanium\mobilesdk\win32\3.0.0.GA\android\modules\titanium-ui.jar => ti/modules/titanium/ui/widget/webview/binding.js
[DEBUG] from JAR C:\Users\bjanaszek\AppData\Roaming\Titanium\mobilesdk\win32\3.0.0.GA\android\modules\titanium-ui.jar => ti/modules/titanium/ui/widget/webview/binding.min.js
[DEBUG] from JAR C:\Users\bjanaszek\AppData\Roaming\Titanium\mobilesdk\win32\3.0.0.GA\android\modules\titanium-ui.jar => ti/modules/titanium/ui/widget/webview/json2.js
[DEBUG] from JAR C:\Users\bjanaszek\AppData\Roaming\Titanium\mobilesdk\win32\3.0.0.GA\android\modules\titanium-ui.jar => ti/modules/titanium/ui/widget/webview/polling.js
[DEBUG] from JAR C:\Users\bjanaszek\AppData\Roaming\Titanium\mobilesdk\win32\3.0.0.GA\android\modules\titanium-ui.jar => ti/modules/titanium/ui/widget/webview/polling.min.js
[DEBUG] installing native lib: C:\Users\bjanaszek\My Documents\Titanium_Studio_Workspace\DB-Test\modules\android\ti.physicalsizecategory\1.0\libs\armeabi\libti.physicalSizeCategory.so
[DEBUG] installing native lib: C:\Users\bjanaszek\My Documents\Titanium_Studio_Workspace\DB-Test\modules\android\ti.physicalsizecategory\1.0\libs\armeabi-v7a\libti.physicalSizeCategory.so
[DEBUG] installing native lib: C:\Users\bjanaszek\My Documents\Titanium_Studio_Workspace\DB-Test\modules\android\ti.physicalsizecategory\1.0\libs\x86\libti.physicalSizeCategory.so
[DEBUG] installing native SDK libs
[DEBUG] Waiting for device to be ready ...
[TRACE] adb devices returned 1 devices/emulators
[DEBUG] Device connected... (waited 0 seconds)
[DEBUG] waited 0.014000 seconds on emulator to get ready
[INFO] Installing application on emulator
[INFO] Launching application ... DB-Test
[TRACE] Launch output: Starting: Intent { act=android.intent.action.MAIN cat=[android.intent.category.LAUNCHER] flg=0x10200000 cmp=com.ert.dbtest/.DbTestActivity }

[INFO] Deployed DB-Test ... Application should be running.
